


ARM Macro Assembler    Page 1 


    1 00000000         ;/* Copyright (c) 2012 ARM LIMITED
    2 00000000         ;
    3 00000000         ;   All rights reserved.
    4 00000000         ;   Redistribution and use in source and binary forms, w
                       ith or without
    5 00000000         ;   modification, are permitted provided that the follow
                       ing conditions are met:
    6 00000000         ;   - Redistributions of source code must retain the abo
                       ve copyright
    7 00000000         ;     notice, this list of conditions and the following 
                       disclaimer.
    8 00000000         ;   - Redistributions in binary form must reproduce the 
                       above copyright
    9 00000000         ;     notice, this list of conditions and the following 
                       disclaimer in the
   10 00000000         ;     documentation and/or other materials provided with
                        the distribution.
   11 00000000         ;   - Neither the name of ARM nor the names of its contr
                       ibutors may be used
   12 00000000         ;     to endorse or promote products derived from this s
                       oftware without
   13 00000000         ;     specific prior written permission.
   14 00000000         ;   *
   15 00000000         ;   THIS SOFTWARE IS PROVIDED BY THE COPYRIGHT HOLDERS A
                       ND CONTRIBUTORS "AS IS"
   16 00000000         ;   AND ANY EXPRESS OR IMPLIED WARRANTIES, INCLUDING, BU
                       T NOT LIMITED TO, THE
   17 00000000         ;   IMPLIED WARRANTIES OF MERCHANTABILITY AND FITNESS FO
                       R A PARTICULAR PURPOSE
   18 00000000         ;   ARE DISCLAIMED. IN NO EVENT SHALL COPYRIGHT HOLDERS 
                       AND CONTRIBUTORS BE
   19 00000000         ;   LIABLE FOR ANY DIRECT, INDIRECT, INCIDENTAL, SPECIAL
                       , EXEMPLARY, OR
   20 00000000         ;   CONSEQUENTIAL DAMAGES (INCLUDING, BUT NOT LIMITED TO
                       , PROCUREMENT OF
   21 00000000         ;   SUBSTITUTE GOODS OR SERVICES; LOSS OF USE, DATA, OR 
                       PROFITS; OR BUSINESS
   22 00000000         ;   INTERRUPTION) HOWEVER CAUSED AND ON ANY THEORY OF LI
                       ABILITY, WHETHER IN
   23 00000000         ;   CONTRACT, STRICT LIABILITY, OR TORT (INCLUDING NEGLI
                       GENCE OR OTHERWISE)
   24 00000000         ;   ARISING IN ANY WAY OUT OF THE USE OF THIS SOFTWARE, 
                       EVEN IF ADVISED OF THE
   25 00000000         ;   POSSIBILITY OF SUCH DAMAGE.
   26 00000000         ;   ----------------------------------------------------
                       -----------------------*/
   27 00000000         
   28 00000000                 IF               :DEF: __STARTUP_CONFIG
   30                          ENDIF
   31 00000000         
   32 00000000                 IF               :DEF: __STARTUP_CONFIG
   37 00000000 00002000 
                       Stack_Size
                               EQU              8192
   38 00000000                 ENDIF
   39 00000000         
   40 00000000                 AREA             STACK, NOINIT, READWRITE, ALIGN
=3
   41 00000000         Stack_Mem



ARM Macro Assembler    Page 2 


                               SPACE            Stack_Size
   42 00002000         __initial_sp
   43 00002000         
   44 00002000                 IF               :DEF: __STARTUP_CONFIG
   49 00002000 00002000 
                       Heap_Size
                               EQU              8192
   50 00002000                 ENDIF
   51 00002000         
   52 00002000                 AREA             HEAP, NOINIT, READWRITE, ALIGN=
3
   53 00000000         __heap_base
   54 00000000         Heap_Mem
                               SPACE            Heap_Size
   55 00002000         __heap_limit
   56 00002000         
   57 00002000                 PRESERVE8
   58 00002000                 THUMB
   59 00002000         
   60 00002000         ; Vector Table Mapped to Address 0 at Reset
   61 00002000         
   62 00002000                 AREA             RESET, DATA, READONLY
   63 00000000                 EXPORT           __Vectors
   64 00000000                 EXPORT           __Vectors_End
   65 00000000                 EXPORT           __Vectors_Size
   66 00000000         
   67 00000000 00000000 
                       __Vectors
                               DCD              __initial_sp ; Top of Stack
   68 00000004 00000000        DCD              Reset_Handler
   69 00000008 00000000        DCD              NMI_Handler
   70 0000000C 00000000        DCD              HardFault_Handler
   71 00000010 00000000        DCD              MemoryManagement_Handler
   72 00000014 00000000        DCD              BusFault_Handler
   73 00000018 00000000        DCD              UsageFault_Handler
   74 0000001C 00000000        DCD              0           ; Reserved
   75 00000020 00000000        DCD              0           ; Reserved
   76 00000024 00000000        DCD              0           ; Reserved
   77 00000028 00000000        DCD              0           ; Reserved
   78 0000002C 00000000        DCD              SVC_Handler
   79 00000030 00000000        DCD              DebugMon_Handler
   80 00000034 00000000        DCD              0           ; Reserved
   81 00000038 00000000        DCD              PendSV_Handler
   82 0000003C 00000000        DCD              SysTick_Handler
   83 00000040         
   84 00000040         ; External Interrupts
   85 00000040 00000000        DCD              POWER_CLOCK_IRQHandler
   86 00000044 00000000        DCD              RADIO_IRQHandler
   87 00000048 00000000        DCD              UARTE0_UART0_IRQHandler
   88 0000004C 00000000        DCD              SPIM0_SPIS0_TWIM0_TWIS0_SPI0_TW
I0_IRQHandler
   89 00000050 00000000        DCD              SPIM1_SPIS1_TWIM1_TWIS1_SPI1_TW
I1_IRQHandler
   90 00000054 00000000        DCD              NFCT_IRQHandler
   91 00000058 00000000        DCD              GPIOTE_IRQHandler
   92 0000005C 00000000        DCD              SAADC_IRQHandler
   93 00000060 00000000        DCD              TIMER0_IRQHandler
   94 00000064 00000000        DCD              TIMER1_IRQHandler
   95 00000068 00000000        DCD              TIMER2_IRQHandler



ARM Macro Assembler    Page 3 


   96 0000006C 00000000        DCD              RTC0_IRQHandler
   97 00000070 00000000        DCD              TEMP_IRQHandler
   98 00000074 00000000        DCD              RNG_IRQHandler
   99 00000078 00000000        DCD              ECB_IRQHandler
  100 0000007C 00000000        DCD              CCM_AAR_IRQHandler
  101 00000080 00000000        DCD              WDT_IRQHandler
  102 00000084 00000000        DCD              RTC1_IRQHandler
  103 00000088 00000000        DCD              QDEC_IRQHandler
  104 0000008C 00000000        DCD              COMP_LPCOMP_IRQHandler
  105 00000090 00000000        DCD              SWI0_EGU0_IRQHandler
  106 00000094 00000000        DCD              SWI1_EGU1_IRQHandler
  107 00000098 00000000        DCD              SWI2_EGU2_IRQHandler
  108 0000009C 00000000        DCD              SWI3_EGU3_IRQHandler
  109 000000A0 00000000        DCD              SWI4_EGU4_IRQHandler
  110 000000A4 00000000        DCD              SWI5_EGU5_IRQHandler
  111 000000A8 00000000        DCD              TIMER3_IRQHandler
  112 000000AC 00000000        DCD              TIMER4_IRQHandler
  113 000000B0 00000000        DCD              PWM0_IRQHandler
  114 000000B4 00000000        DCD              PDM_IRQHandler
  115 000000B8 00000000        DCD              0           ; Reserved
  116 000000BC 00000000        DCD              0           ; Reserved
  117 000000C0 00000000        DCD              MWU_IRQHandler
  118 000000C4 00000000        DCD              PWM1_IRQHandler
  119 000000C8 00000000        DCD              PWM2_IRQHandler
  120 000000CC 00000000        DCD              SPIM2_SPIS2_SPI2_IRQHandler
  121 000000D0 00000000        DCD              RTC2_IRQHandler
  122 000000D4 00000000        DCD              I2S_IRQHandler
  123 000000D8 00000000        DCD              FPU_IRQHandler
  124 000000DC 00000000        DCD              0           ; Reserved
  125 000000E0 00000000        DCD              0           ; Reserved
  126 000000E4 00000000        DCD              0           ; Reserved
  127 000000E8 00000000        DCD              0           ; Reserved
  128 000000EC 00000000        DCD              0           ; Reserved
  129 000000F0 00000000        DCD              0           ; Reserved
  130 000000F4 00000000        DCD              0           ; Reserved
  131 000000F8 00000000        DCD              0           ; Reserved
  132 000000FC 00000000        DCD              0           ; Reserved
  133 00000100 00000000        DCD              0           ; Reserved
  134 00000104 00000000        DCD              0           ; Reserved
  135 00000108 00000000        DCD              0           ; Reserved
  136 0000010C 00000000        DCD              0           ; Reserved
  137 00000110 00000000        DCD              0           ; Reserved
  138 00000114 00000000        DCD              0           ; Reserved
  139 00000118 00000000        DCD              0           ; Reserved
  140 0000011C 00000000        DCD              0           ; Reserved
  141 00000120 00000000        DCD              0           ; Reserved
  142 00000124 00000000        DCD              0           ; Reserved
  143 00000128 00000000        DCD              0           ; Reserved
  144 0000012C 00000000        DCD              0           ; Reserved
  145 00000130 00000000        DCD              0           ; Reserved
  146 00000134 00000000        DCD              0           ; Reserved
  147 00000138 00000000        DCD              0           ; Reserved
  148 0000013C 00000000        DCD              0           ; Reserved
  149 00000140 00000000        DCD              0           ; Reserved
  150 00000144 00000000        DCD              0           ; Reserved
  151 00000148 00000000        DCD              0           ; Reserved
  152 0000014C 00000000        DCD              0           ; Reserved
  153 00000150 00000000        DCD              0           ; Reserved
  154 00000154 00000000        DCD              0           ; Reserved



ARM Macro Assembler    Page 4 


  155 00000158 00000000        DCD              0           ; Reserved
  156 0000015C 00000000        DCD              0           ; Reserved
  157 00000160 00000000        DCD              0           ; Reserved
  158 00000164 00000000        DCD              0           ; Reserved
  159 00000168 00000000        DCD              0           ; Reserved
  160 0000016C 00000000        DCD              0           ; Reserved
  161 00000170 00000000        DCD              0           ; Reserved
  162 00000174 00000000        DCD              0           ; Reserved
  163 00000178 00000000        DCD              0           ; Reserved
  164 0000017C 00000000        DCD              0           ; Reserved
  165 00000180 00000000        DCD              0           ; Reserved
  166 00000184 00000000        DCD              0           ; Reserved
  167 00000188 00000000        DCD              0           ; Reserved
  168 0000018C 00000000        DCD              0           ; Reserved
  169 00000190 00000000        DCD              0           ; Reserved
  170 00000194 00000000        DCD              0           ; Reserved
  171 00000198 00000000        DCD              0           ; Reserved
  172 0000019C 00000000        DCD              0           ; Reserved
  173 000001A0 00000000        DCD              0           ; Reserved
  174 000001A4 00000000        DCD              0           ; Reserved
  175 000001A8 00000000        DCD              0           ; Reserved
  176 000001AC 00000000        DCD              0           ; Reserved
  177 000001B0 00000000        DCD              0           ; Reserved
  178 000001B4 00000000        DCD              0           ; Reserved
  179 000001B8 00000000        DCD              0           ; Reserved
  180 000001BC 00000000        DCD              0           ; Reserved
  181 000001C0 00000000        DCD              0           ; Reserved
  182 000001C4 00000000        DCD              0           ; Reserved
  183 000001C8 00000000        DCD              0           ; Reserved
  184 000001CC 00000000        DCD              0           ; Reserved
  185 000001D0 00000000        DCD              0           ; Reserved
  186 000001D4 00000000        DCD              0           ; Reserved
  187 000001D8 00000000        DCD              0           ; Reserved
  188 000001DC 00000000        DCD              0           ; Reserved
  189 000001E0 00000000        DCD              0           ; Reserved
  190 000001E4 00000000        DCD              0           ; Reserved
  191 000001E8 00000000        DCD              0           ; Reserved
  192 000001EC 00000000        DCD              0           ; Reserved
  193 000001F0 00000000        DCD              0           ; Reserved
  194 000001F4 00000000        DCD              0           ; Reserved
  195 000001F8 00000000        DCD              0           ; Reserved
  196 000001FC 00000000        DCD              0           ; Reserved
  197 00000200 00000000        DCD              0           ; Reserved
  198 00000204 00000000        DCD              0           ; Reserved
  199 00000208 00000000        DCD              0           ; Reserved
  200 0000020C 00000000        DCD              0           ; Reserved
  201 00000210 00000000        DCD              0           ; Reserved
  202 00000214 00000000        DCD              0           ; Reserved
  203 00000218 00000000        DCD              0           ; Reserved
  204 0000021C 00000000        DCD              0           ; Reserved
  205 00000220 00000000        DCD              0           ; Reserved
  206 00000224 00000000        DCD              0           ; Reserved
  207 00000228 00000000        DCD              0           ; Reserved
  208 0000022C 00000000        DCD              0           ; Reserved
  209 00000230 00000000        DCD              0           ; Reserved
  210 00000234 00000000        DCD              0           ; Reserved
  211 00000238 00000000        DCD              0           ; Reserved
  212 0000023C 00000000        DCD              0           ; Reserved
  213 00000240 00000000        DCD              0           ; Reserved



ARM Macro Assembler    Page 5 


  214 00000244 00000000        DCD              0           ; Reserved
  215 00000248 00000000        DCD              0           ; Reserved
  216 0000024C 00000000        DCD              0           ; Reserved
  217 00000250 00000000        DCD              0           ; Reserved
  218 00000254 00000000        DCD              0           ; Reserved
  219 00000258 00000000        DCD              0           ; Reserved
  220 0000025C 00000000        DCD              0           ; Reserved
  221 00000260 00000000        DCD              0           ; Reserved
  222 00000264 00000000        DCD              0           ; Reserved
  223 00000268 00000000        DCD              0           ; Reserved
  224 0000026C 00000000        DCD              0           ; Reserved
  225 00000270 00000000        DCD              0           ; Reserved
  226 00000274 00000000        DCD              0           ; Reserved
  227 00000278 00000000        DCD              0           ; Reserved
  228 0000027C 00000000        DCD              0           ; Reserved
  229 00000280 00000000        DCD              0           ; Reserved
  230 00000284 00000000        DCD              0           ; Reserved
  231 00000288 00000000        DCD              0           ; Reserved
  232 0000028C 00000000        DCD              0           ; Reserved
  233 00000290 00000000        DCD              0           ; Reserved
  234 00000294 00000000        DCD              0           ; Reserved
  235 00000298 00000000        DCD              0           ; Reserved
  236 0000029C 00000000        DCD              0           ; Reserved
  237 000002A0 00000000        DCD              0           ; Reserved
  238 000002A4 00000000        DCD              0           ; Reserved
  239 000002A8 00000000        DCD              0           ; Reserved
  240 000002AC 00000000        DCD              0           ; Reserved
  241 000002B0 00000000        DCD              0           ; Reserved
  242 000002B4 00000000        DCD              0           ; Reserved
  243 000002B8 00000000        DCD              0           ; Reserved
  244 000002BC 00000000        DCD              0           ; Reserved
  245 000002C0 00000000        DCD              0           ; Reserved
  246 000002C4 00000000        DCD              0           ; Reserved
  247 000002C8 00000000        DCD              0           ; Reserved
  248 000002CC 00000000        DCD              0           ; Reserved
  249 000002D0 00000000        DCD              0           ; Reserved
  250 000002D4 00000000        DCD              0           ; Reserved
  251 000002D8 00000000        DCD              0           ; Reserved
  252 000002DC 00000000        DCD              0           ; Reserved
  253 000002E0 00000000        DCD              0           ; Reserved
  254 000002E4 00000000        DCD              0           ; Reserved
  255 000002E8 00000000        DCD              0           ; Reserved
  256 000002EC 00000000        DCD              0           ; Reserved
  257 000002F0 00000000        DCD              0           ; Reserved
  258 000002F4 00000000        DCD              0           ; Reserved
  259 000002F8 00000000        DCD              0           ; Reserved
  260 000002FC 00000000        DCD              0           ; Reserved
  261 00000300 00000000        DCD              0           ; Reserved
  262 00000304 00000000        DCD              0           ; Reserved
  263 00000308 00000000        DCD              0           ; Reserved
  264 0000030C 00000000        DCD              0           ; Reserved
  265 00000310 00000000        DCD              0           ; Reserved
  266 00000314 00000000        DCD              0           ; Reserved
  267 00000318 00000000        DCD              0           ; Reserved
  268 0000031C 00000000        DCD              0           ; Reserved
  269 00000320 00000000        DCD              0           ; Reserved
  270 00000324 00000000        DCD              0           ; Reserved
  271 00000328 00000000        DCD              0           ; Reserved
  272 0000032C 00000000        DCD              0           ; Reserved



ARM Macro Assembler    Page 6 


  273 00000330 00000000        DCD              0           ; Reserved
  274 00000334 00000000        DCD              0           ; Reserved
  275 00000338 00000000        DCD              0           ; Reserved
  276 0000033C 00000000        DCD              0           ; Reserved
  277 00000340 00000000        DCD              0           ; Reserved
  278 00000344 00000000        DCD              0           ; Reserved
  279 00000348 00000000        DCD              0           ; Reserved
  280 0000034C 00000000        DCD              0           ; Reserved
  281 00000350 00000000        DCD              0           ; Reserved
  282 00000354 00000000        DCD              0           ; Reserved
  283 00000358 00000000        DCD              0           ; Reserved
  284 0000035C 00000000        DCD              0           ; Reserved
  285 00000360 00000000        DCD              0           ; Reserved
  286 00000364 00000000        DCD              0           ; Reserved
  287 00000368 00000000        DCD              0           ; Reserved
  288 0000036C 00000000        DCD              0           ; Reserved
  289 00000370 00000000        DCD              0           ; Reserved
  290 00000374 00000000        DCD              0           ; Reserved
  291 00000378 00000000        DCD              0           ; Reserved
  292 0000037C 00000000        DCD              0           ; Reserved
  293 00000380 00000000        DCD              0           ; Reserved
  294 00000384 00000000        DCD              0           ; Reserved
  295 00000388 00000000        DCD              0           ; Reserved
  296 0000038C 00000000        DCD              0           ; Reserved
  297 00000390 00000000        DCD              0           ; Reserved
  298 00000394 00000000        DCD              0           ; Reserved
  299 00000398 00000000        DCD              0           ; Reserved
  300 0000039C 00000000        DCD              0           ; Reserved
  301 000003A0 00000000        DCD              0           ; Reserved
  302 000003A4 00000000        DCD              0           ; Reserved
  303 000003A8 00000000        DCD              0           ; Reserved
  304 000003AC 00000000        DCD              0           ; Reserved
  305 000003B0 00000000        DCD              0           ; Reserved
  306 000003B4 00000000        DCD              0           ; Reserved
  307 000003B8 00000000        DCD              0           ; Reserved
  308 000003BC 00000000        DCD              0           ; Reserved
  309 000003C0 00000000        DCD              0           ; Reserved
  310 000003C4 00000000        DCD              0           ; Reserved
  311 000003C8 00000000        DCD              0           ; Reserved
  312 000003CC 00000000        DCD              0           ; Reserved
  313 000003D0 00000000        DCD              0           ; Reserved
  314 000003D4 00000000        DCD              0           ; Reserved
  315 000003D8 00000000        DCD              0           ; Reserved
  316 000003DC 00000000        DCD              0           ; Reserved
  317 000003E0 00000000        DCD              0           ; Reserved
  318 000003E4 00000000        DCD              0           ; Reserved
  319 000003E8 00000000        DCD              0           ; Reserved
  320 000003EC 00000000        DCD              0           ; Reserved
  321 000003F0 00000000        DCD              0           ; Reserved
  322 000003F4 00000000        DCD              0           ; Reserved
  323 000003F8 00000000        DCD              0           ; Reserved
  324 000003FC 00000000        DCD              0           ; Reserved
  325 00000400         
  326 00000400         __Vectors_End
  327 00000400         
  328 00000400 00000400 
                       __Vectors_Size
                               EQU              __Vectors_End - __Vectors
  329 00000400         



ARM Macro Assembler    Page 7 


  330 00000400                 AREA             |.text|, CODE, READONLY
  331 00000000         
  332 00000000         ; Reset Handler
  333 00000000         
  334 00000000         
  335 00000000         Reset_Handler
                               PROC
  336 00000000                 EXPORT           Reset_Handler             [WEAK
]
  337 00000000                 IMPORT           SystemInit
  338 00000000                 IMPORT           __main
  339 00000000         
  340 00000000         
  341 00000000 4806            LDR              R0, =SystemInit
  342 00000002 4780            BLX              R0
  343 00000004 4806            LDR              R0, =__main
  344 00000006 4700            BX               R0
  345 00000008                 ENDP
  346 00000008         
  347 00000008         ; Dummy Exception Handlers (infinite loops which can be 
                       modified)
  348 00000008         
  349 00000008         NMI_Handler
                               PROC
  350 00000008                 EXPORT           NMI_Handler               [WEAK
]
  351 00000008 E7FE            B                .
  352 0000000A                 ENDP
  354 0000000A         HardFault_Handler
                               PROC
  355 0000000A                 EXPORT           HardFault_Handler         [WEAK
]
  356 0000000A E7FE            B                .
  357 0000000C                 ENDP
  359 0000000C         MemoryManagement_Handler
                               PROC
  360 0000000C                 EXPORT           MemoryManagement_Handler  [WEAK
]
  361 0000000C E7FE            B                .
  362 0000000E                 ENDP
  364 0000000E         BusFault_Handler
                               PROC
  365 0000000E                 EXPORT           BusFault_Handler          [WEAK
]
  366 0000000E E7FE            B                .
  367 00000010                 ENDP
  369 00000010         UsageFault_Handler
                               PROC
  370 00000010                 EXPORT           UsageFault_Handler        [WEAK
]
  371 00000010 E7FE            B                .
  372 00000012                 ENDP
  373 00000012         SVC_Handler
                               PROC
  374 00000012                 EXPORT           SVC_Handler               [WEAK
]
  375 00000012 E7FE            B                .
  376 00000014                 ENDP
  378 00000014         DebugMon_Handler



ARM Macro Assembler    Page 8 


                               PROC
  379 00000014                 EXPORT           DebugMon_Handler          [WEAK
]
  380 00000014 E7FE            B                .
  381 00000016                 ENDP
  382 00000016         PendSV_Handler
                               PROC
  383 00000016                 EXPORT           PendSV_Handler            [WEAK
]
  384 00000016 E7FE            B                .
  385 00000018                 ENDP
  386 00000018         SysTick_Handler
                               PROC
  387 00000018                 EXPORT           SysTick_Handler           [WEAK
]
  388 00000018 E7FE            B                .
  389 0000001A                 ENDP
  390 0000001A         
  391 0000001A         Default_Handler
                               PROC
  392 0000001A         
  393 0000001A                 EXPORT           POWER_CLOCK_IRQHandler [WEAK]
  394 0000001A                 EXPORT           RADIO_IRQHandler [WEAK]
  395 0000001A                 EXPORT           UARTE0_UART0_IRQHandler [WEAK]
  396 0000001A                 EXPORT           SPIM0_SPIS0_TWIM0_TWIS0_SPI0_TW
I0_IRQHandler [WEAK]
  397 0000001A                 EXPORT           SPIM1_SPIS1_TWIM1_TWIS1_SPI1_TW
I1_IRQHandler [WEAK]
  398 0000001A                 EXPORT           NFCT_IRQHandler [WEAK]
  399 0000001A                 EXPORT           GPIOTE_IRQHandler [WEAK]
  400 0000001A                 EXPORT           SAADC_IRQHandler [WEAK]
  401 0000001A                 EXPORT           TIMER0_IRQHandler [WEAK]
  402 0000001A                 EXPORT           TIMER1_IRQHandler [WEAK]
  403 0000001A                 EXPORT           TIMER2_IRQHandler [WEAK]
  404 0000001A                 EXPORT           RTC0_IRQHandler [WEAK]
  405 0000001A                 EXPORT           TEMP_IRQHandler [WEAK]
  406 0000001A                 EXPORT           RNG_IRQHandler [WEAK]
  407 0000001A                 EXPORT           ECB_IRQHandler [WEAK]
  408 0000001A                 EXPORT           CCM_AAR_IRQHandler [WEAK]
  409 0000001A                 EXPORT           WDT_IRQHandler [WEAK]
  410 0000001A                 EXPORT           RTC1_IRQHandler [WEAK]
  411 0000001A                 EXPORT           QDEC_IRQHandler [WEAK]
  412 0000001A                 EXPORT           COMP_LPCOMP_IRQHandler [WEAK]
  413 0000001A                 EXPORT           SWI0_EGU0_IRQHandler [WEAK]
  414 0000001A                 EXPORT           SWI1_EGU1_IRQHandler [WEAK]
  415 0000001A                 EXPORT           SWI2_EGU2_IRQHandler [WEAK]
  416 0000001A                 EXPORT           SWI3_EGU3_IRQHandler [WEAK]
  417 0000001A                 EXPORT           SWI4_EGU4_IRQHandler [WEAK]
  418 0000001A                 EXPORT           SWI5_EGU5_IRQHandler [WEAK]
  419 0000001A                 EXPORT           TIMER3_IRQHandler [WEAK]
  420 0000001A                 EXPORT           TIMER4_IRQHandler [WEAK]
  421 0000001A                 EXPORT           PWM0_IRQHandler [WEAK]
  422 0000001A                 EXPORT           PDM_IRQHandler [WEAK]
  423 0000001A                 EXPORT           MWU_IRQHandler [WEAK]
  424 0000001A                 EXPORT           PWM1_IRQHandler [WEAK]
  425 0000001A                 EXPORT           PWM2_IRQHandler [WEAK]
  426 0000001A                 EXPORT           SPIM2_SPIS2_SPI2_IRQHandler [WE
AK]
  427 0000001A                 EXPORT           RTC2_IRQHandler [WEAK]



ARM Macro Assembler    Page 9 


  428 0000001A                 EXPORT           I2S_IRQHandler [WEAK]
  429 0000001A                 EXPORT           FPU_IRQHandler [WEAK]
  430 0000001A         POWER_CLOCK_IRQHandler
  431 0000001A         RADIO_IRQHandler
  432 0000001A         UARTE0_UART0_IRQHandler
  433 0000001A         SPIM0_SPIS0_TWIM0_TWIS0_SPI0_TWI0_IRQHandler
  434 0000001A         SPIM1_SPIS1_TWIM1_TWIS1_SPI1_TWI1_IRQHandler
  435 0000001A         NFCT_IRQHandler
  436 0000001A         GPIOTE_IRQHandler
  437 0000001A         SAADC_IRQHandler
  438 0000001A         TIMER0_IRQHandler
  439 0000001A         TIMER1_IRQHandler
  440 0000001A         TIMER2_IRQHandler
  441 0000001A         RTC0_IRQHandler
  442 0000001A         TEMP_IRQHandler
  443 0000001A         RNG_IRQHandler
  444 0000001A         ECB_IRQHandler
  445 0000001A         CCM_AAR_IRQHandler
  446 0000001A         WDT_IRQHandler
  447 0000001A         RTC1_IRQHandler
  448 0000001A         QDEC_IRQHandler
  449 0000001A         COMP_LPCOMP_IRQHandler
  450 0000001A         SWI0_EGU0_IRQHandler
  451 0000001A         SWI1_EGU1_IRQHandler
  452 0000001A         SWI2_EGU2_IRQHandler
  453 0000001A         SWI3_EGU3_IRQHandler
  454 0000001A         SWI4_EGU4_IRQHandler
  455 0000001A         SWI5_EGU5_IRQHandler
  456 0000001A         TIMER3_IRQHandler
  457 0000001A         TIMER4_IRQHandler
  458 0000001A         PWM0_IRQHandler
  459 0000001A         PDM_IRQHandler
  460 0000001A         MWU_IRQHandler
  461 0000001A         PWM1_IRQHandler
  462 0000001A         PWM2_IRQHandler
  463 0000001A         SPIM2_SPIS2_SPI2_IRQHandler
  464 0000001A         RTC2_IRQHandler
  465 0000001A         I2S_IRQHandler
  466 0000001A         FPU_IRQHandler
  467 0000001A E7FE            B                .
  468 0000001C                 ENDP
  469 0000001C                 ALIGN
  470 0000001C         
  471 0000001C         ; User Initial Stack & Heap
  472 0000001C         
  473 0000001C                 IF               :DEF:__MICROLIB
  474 0000001C         
  475 0000001C                 EXPORT           __initial_sp
  476 0000001C                 EXPORT           __heap_base
  477 0000001C                 EXPORT           __heap_limit
  478 0000001C         
  479 0000001C                 ELSE
  495                          ENDIF
  496 0000001C         
  497 0000001C                 END
              00000000 
              00000000 
Command Line: --debug --xref --diag_suppress=9931 --cpu=Cortex-M4.fp --apcs=int
erwork --depend=.\_build\arm_startup_nrf52.d -o.\_build\arm_startup_nrf52.o -I.



ARM Macro Assembler    Page 10 


.\..\..\config\ble_app_template_pca10040_s132 -I..\..\..\config -I..\..\nRF5_SD
K_12\components -I..\..\nRF5_SDK_12\components\ble\ble_advertising -I..\..\nRF5
_SDK_12\components\ble\ble_dtm -I..\..\nRF5_SDK_12\components\ble\ble_racp -I..
\..\nRF5_SDK_12\components\ble\ble_services\ble_ancs_c -I..\..\nRF5_SDK_12\comp
onents\ble\ble_services\ble_ans_c -I..\..\nRF5_SDK_12\components\ble\ble_servic
es\ble_bas -I..\..\nRF5_SDK_12\components\ble\ble_services\ble_bas_c -I..\..\nR
F5_SDK_12\components\ble\ble_services\ble_cscs -I..\..\nRF5_SDK_12\components\b
le\ble_services\ble_cts_c -I..\..\nRF5_SDK_12\components\ble\ble_services\ble_d
fu -I..\..\nRF5_SDK_12\components\ble\ble_services\ble_dis -I..\..\nRF5_SDK_12\
components\ble\ble_services\ble_gls -I..\..\nRF5_SDK_12\components\ble\ble_serv
ices\ble_hids -I..\..\nRF5_SDK_12\components\ble\ble_services\ble_hrs -I..\..\n
RF5_SDK_12\components\ble\ble_services\ble_hrs_c -I..\..\nRF5_SDK_12\components
\ble\ble_services\ble_hts -I..\..\nRF5_SDK_12\components\ble\ble_services\ble_i
as -I..\..\nRF5_SDK_12\components\ble\ble_services\ble_ias_c -I..\..\nRF5_SDK_1
2\components\ble\ble_services\ble_lbs -I..\..\nRF5_SDK_12\components\ble\ble_se
rvices\ble_lbs_c -I..\..\nRF5_SDK_12\components\ble\ble_services\ble_lls -I..\.
.\nRF5_SDK_12\components\ble\ble_services\ble_nus -I..\..\nRF5_SDK_12\component
s\ble\ble_services\ble_nus_c -I..\..\nRF5_SDK_12\components\ble\ble_services\bl
e_rscs -I..\..\nRF5_SDK_12\components\ble\ble_services\ble_rscs_c -I..\..\nRF5_
SDK_12\components\ble\ble_services\ble_tps -I..\..\nRF5_SDK_12\components\ble\c
ommon -I..\..\nRF5_SDK_12\components\ble\nrf_ble_qwr -I..\..\nRF5_SDK_12\compon
ents\ble\peer_manager -I..\..\nRF5_SDK_12\components\drivers_nrf\adc -I..\..\nR
F5_SDK_12\components\drivers_nrf\clock -I..\..\nRF5_SDK_12\components\drivers_n
rf\common -I..\..\nRF5_SDK_12\components\drivers_nrf\comp -I..\..\nRF5_SDK_12\c
omponents\drivers_nrf\delay -I..\..\nRF5_SDK_12\components\drivers_nrf\gpiote -
I..\..\nRF5_SDK_12\components\drivers_nrf\hal -I..\..\nRF5_SDK_12\components\dr
ivers_nrf\i2s -I..\..\nRF5_SDK_12\components\drivers_nrf\lpcomp -I..\..\nRF5_SD
K_12\components\drivers_nrf\pdm -I..\..\nRF5_SDK_12\components\drivers_nrf\ppi 
-I..\..\nRF5_SDK_12\components\drivers_nrf\pwm -I..\..\nRF5_SDK_12\components\d
rivers_nrf\qdec -I..\..\nRF5_SDK_12\components\drivers_nrf\rng -I..\..\nRF5_SDK
_12\components\drivers_nrf\rtc -I..\..\nRF5_SDK_12\components\drivers_nrf\saadc
 -I..\..\nRF5_SDK_12\components\drivers_nrf\spi_master -I..\..\nRF5_SDK_12\comp
onents\drivers_nrf\spi_slave -I..\..\nRF5_SDK_12\components\drivers_nrf\swi -I.
.\..\nRF5_SDK_12\components\drivers_nrf\timer -I..\..\nRF5_SDK_12\components\dr
ivers_nrf\twi_master -I..\..\nRF5_SDK_12\components\drivers_nrf\twis_slave -I..
\..\nRF5_SDK_12\components\drivers_nrf\uart -I..\..\nRF5_SDK_12\components\driv
ers_nrf\wdt -I..\..\nRF5_SDK_12\components\libraries\button -I..\..\nRF5_SDK_12
\components\libraries\crc16 -I..\..\nRF5_SDK_12\components\libraries\crc32 -I..
\..\nRF5_SDK_12\components\libraries\csense -I..\..\nRF5_SDK_12\components\libr
aries\csense_drv -I..\..\nRF5_SDK_12\components\libraries\experimental_section_
vars -I..\..\nRF5_SDK_12\components\libraries\fds -I..\..\nRF5_SDK_12\component
s\libraries\fifo -I..\..\nRF5_SDK_12\components\libraries\fstorage -I..\..\nRF5
_SDK_12\components\libraries\hardfault -I..\..\nRF5_SDK_12\components\libraries
\hci -I..\..\nRF5_SDK_12\components\libraries\led_softblink -I..\..\nRF5_SDK_12
\components\libraries\log -I..\..\nRF5_SDK_12\components\libraries\log\src -I..
\..\nRF5_SDK_12\components\libraries\low_power_pwm -I..\..\nRF5_SDK_12\componen
ts\libraries\mailbox -I..\..\nRF5_SDK_12\components\libraries\mem_manager -I..\
..\nRF5_SDK_12\components\libraries\pwm -I..\..\nRF5_SDK_12\components\librarie
s\scheduler -I..\..\nRF5_SDK_12\components\libraries\sensorsim -I..\..\nRF5_SDK
_12\components\libraries\slip -I..\..\nRF5_SDK_12\components\libraries\timer -I
..\..\nRF5_SDK_12\components\libraries\twi -I..\..\nRF5_SDK_12\components\libra
ries\uart -I..\..\nRF5_SDK_12\components\libraries\util -I..\..\nRF5_SDK_12\com
ponents\softdevice\common\softdevice_handler -I..\..\nRF5_SDK_12\components\sof
tdevice\s132\headers -I..\..\nRF5_SDK_12\components\softdevice\s132\headers\nrf
52 -I..\..\nRF5_SDK_12\components\toolchain -I..\..\..\..\..\bsp -I..\..\nRF5_S
DK_12\external\segger_rtt -I..\config -I"\vmware-host\Shared Folders\SenStick\f
irmware\project_nrf52_s132v3_sdk12\RTE" -IC:\Keil_v5\ARM\PACK\ARM\CMSIS\4.5.0\C
MSIS\Include -IC:\Keil_v5\ARM\PACK\NordicSemiconductor\nRF_DeviceFamilyPack\8.9
.0\Device\Include --predefine="__MICROLIB SETA 1" --predefine="__UVISION_VERSIO



ARM Macro Assembler    Page 11 


N SETA 521" --predefine="_RTE_ SETA 1" --predefine="NRF52 SETA 1" --predefine="
BLE_STACK_SUPPORT_REQD SETA 1" --predefine="S132 SETA 1" --predefine="NRF_SD_BL
E_API_VERSION SETA 3" --predefine="BOARD_PCA10040 SETA 1" --predefine="NRF52_PA
N_12 SETA 1" --predefine="NRF52_PAN_15 SETA 1" --predefine="NRF52_PAN_20 SETA 1
" --predefine="NRF52_PAN_30 SETA 1" --predefine="NRF52_PAN_31 SETA 1" --predefi
ne="NRF52_PAN_36 SETA 1" --predefine="NRF52_PAN_51 SETA 1" --predefine="NRF52_P
AN_53 SETA 1" --predefine="NRF52_PAN_54 SETA 1" --predefine="NRF52_PAN_55 SETA 
1" --predefine="NRF52_PAN_58 SETA 1" --predefine="NRF52_PAN_62 SETA 1" --predef
ine="NRF52_PAN_63 SETA 1" --predefine="NRF52_PAN_64 SETA 1" --predefine="CONFIG
_GPIO_AS_PINRESET SETA 1" --predefine="SOFTDEVICE_PRESENT SETA 1" --predefine="
NRF52832 SETA 1" --predefine="NRF52 SETA 1" --predefine="SWI_DISABLE0 SETA 1" -
-cpreproc_opts=-DBLE_STACK_SUPPORT_REQD,-DS132,-DNRF_SD_BLE_API_VERSION=3,-DBOA
RD_PCA10040,-DNRF52_PAN_12,-DNRF52_PAN_15,-DNRF52_PAN_20,-DNRF52_PAN_30,-DNRF52
_PAN_31,-DNRF52_PAN_36,-DNRF52_PAN_51,-DNRF52_PAN_53,-DNRF52_PAN_54,-DNRF52_PAN
_55,-DNRF52_PAN_58,-DNRF52_PAN_62,-DNRF52_PAN_63,-DNRF52_PAN_64,-DCONFIG_GPIO_A
S_PINRESET,-DSOFTDEVICE_PRESENT,-DNRF52832,-DNRF52,-DSWI_DISABLE0 --list=.\_bui
ld\arm_startup_nrf52.lst RTE\Device\nRF52832_xxAA\arm_startup_nrf52.s



ARM Macro Assembler    Page 1 Alphabetic symbol ordering
Relocatable symbols

STACK 00000000

Symbol: STACK
   Definitions
      At line 40 in file RTE\Device\nRF52832_xxAA\arm_startup_nrf52.s
   Uses
      None
Comment: STACK unused
Stack_Mem 00000000

Symbol: Stack_Mem
   Definitions
      At line 41 in file RTE\Device\nRF52832_xxAA\arm_startup_nrf52.s
   Uses
      None
Comment: Stack_Mem unused
__initial_sp 00002000

Symbol: __initial_sp
   Definitions
      At line 42 in file RTE\Device\nRF52832_xxAA\arm_startup_nrf52.s
   Uses
      At line 67 in file RTE\Device\nRF52832_xxAA\arm_startup_nrf52.s
      At line 475 in file RTE\Device\nRF52832_xxAA\arm_startup_nrf52.s

3 symbols



ARM Macro Assembler    Page 1 Alphabetic symbol ordering
Relocatable symbols

HEAP 00000000

Symbol: HEAP
   Definitions
      At line 52 in file RTE\Device\nRF52832_xxAA\arm_startup_nrf52.s
   Uses
      None
Comment: HEAP unused
Heap_Mem 00000000

Symbol: Heap_Mem
   Definitions
      At line 54 in file RTE\Device\nRF52832_xxAA\arm_startup_nrf52.s
   Uses
      None
Comment: Heap_Mem unused
__heap_base 00000000

Symbol: __heap_base
   Definitions
      At line 53 in file RTE\Device\nRF52832_xxAA\arm_startup_nrf52.s
   Uses
      At line 476 in file RTE\Device\nRF52832_xxAA\arm_startup_nrf52.s
Comment: __heap_base used once
__heap_limit 00002000

Symbol: __heap_limit
   Definitions
      At line 55 in file RTE\Device\nRF52832_xxAA\arm_startup_nrf52.s
   Uses
      At line 477 in file RTE\Device\nRF52832_xxAA\arm_startup_nrf52.s
Comment: __heap_limit used once
4 symbols



ARM Macro Assembler    Page 1 Alphabetic symbol ordering
Relocatable symbols

RESET 00000000

Symbol: RESET
   Definitions
      At line 62 in file RTE\Device\nRF52832_xxAA\arm_startup_nrf52.s
   Uses
      None
Comment: RESET unused
__Vectors 00000000

Symbol: __Vectors
   Definitions
      At line 67 in file RTE\Device\nRF52832_xxAA\arm_startup_nrf52.s
   Uses
      At line 63 in file RTE\Device\nRF52832_xxAA\arm_startup_nrf52.s
      At line 328 in file RTE\Device\nRF52832_xxAA\arm_startup_nrf52.s

__Vectors_End 00000400

Symbol: __Vectors_End
   Definitions
      At line 326 in file RTE\Device\nRF52832_xxAA\arm_startup_nrf52.s
   Uses
      At line 64 in file RTE\Device\nRF52832_xxAA\arm_startup_nrf52.s
      At line 328 in file RTE\Device\nRF52832_xxAA\arm_startup_nrf52.s

3 symbols



ARM Macro Assembler    Page 1 Alphabetic symbol ordering
Relocatable symbols

.text 00000000

Symbol: .text
   Definitions
      At line 330 in file RTE\Device\nRF52832_xxAA\arm_startup_nrf52.s
   Uses
      None
Comment: .text unused
BusFault_Handler 0000000E

Symbol: BusFault_Handler
   Definitions
      At line 364 in file RTE\Device\nRF52832_xxAA\arm_startup_nrf52.s
   Uses
      At line 72 in file RTE\Device\nRF52832_xxAA\arm_startup_nrf52.s
      At line 365 in file RTE\Device\nRF52832_xxAA\arm_startup_nrf52.s

CCM_AAR_IRQHandler 0000001A

Symbol: CCM_AAR_IRQHandler
   Definitions
      At line 445 in file RTE\Device\nRF52832_xxAA\arm_startup_nrf52.s
   Uses
      At line 100 in file RTE\Device\nRF52832_xxAA\arm_startup_nrf52.s
      At line 408 in file RTE\Device\nRF52832_xxAA\arm_startup_nrf52.s

COMP_LPCOMP_IRQHandler 0000001A

Symbol: COMP_LPCOMP_IRQHandler
   Definitions
      At line 449 in file RTE\Device\nRF52832_xxAA\arm_startup_nrf52.s
   Uses
      At line 104 in file RTE\Device\nRF52832_xxAA\arm_startup_nrf52.s
      At line 412 in file RTE\Device\nRF52832_xxAA\arm_startup_nrf52.s

DebugMon_Handler 00000014

Symbol: DebugMon_Handler
   Definitions
      At line 378 in file RTE\Device\nRF52832_xxAA\arm_startup_nrf52.s
   Uses
      At line 79 in file RTE\Device\nRF52832_xxAA\arm_startup_nrf52.s
      At line 379 in file RTE\Device\nRF52832_xxAA\arm_startup_nrf52.s

Default_Handler 0000001A

Symbol: Default_Handler
   Definitions
      At line 391 in file RTE\Device\nRF52832_xxAA\arm_startup_nrf52.s
   Uses
      None
Comment: Default_Handler unused
ECB_IRQHandler 0000001A

Symbol: ECB_IRQHandler
   Definitions
      At line 444 in file RTE\Device\nRF52832_xxAA\arm_startup_nrf52.s
   Uses
      At line 99 in file RTE\Device\nRF52832_xxAA\arm_startup_nrf52.s



ARM Macro Assembler    Page 2 Alphabetic symbol ordering
Relocatable symbols

      At line 407 in file RTE\Device\nRF52832_xxAA\arm_startup_nrf52.s

FPU_IRQHandler 0000001A

Symbol: FPU_IRQHandler
   Definitions
      At line 466 in file RTE\Device\nRF52832_xxAA\arm_startup_nrf52.s
   Uses
      At line 123 in file RTE\Device\nRF52832_xxAA\arm_startup_nrf52.s
      At line 429 in file RTE\Device\nRF52832_xxAA\arm_startup_nrf52.s

GPIOTE_IRQHandler 0000001A

Symbol: GPIOTE_IRQHandler
   Definitions
      At line 436 in file RTE\Device\nRF52832_xxAA\arm_startup_nrf52.s
   Uses
      At line 91 in file RTE\Device\nRF52832_xxAA\arm_startup_nrf52.s
      At line 399 in file RTE\Device\nRF52832_xxAA\arm_startup_nrf52.s

HardFault_Handler 0000000A

Symbol: HardFault_Handler
   Definitions
      At line 354 in file RTE\Device\nRF52832_xxAA\arm_startup_nrf52.s
   Uses
      At line 70 in file RTE\Device\nRF52832_xxAA\arm_startup_nrf52.s
      At line 355 in file RTE\Device\nRF52832_xxAA\arm_startup_nrf52.s

I2S_IRQHandler 0000001A

Symbol: I2S_IRQHandler
   Definitions
      At line 465 in file RTE\Device\nRF52832_xxAA\arm_startup_nrf52.s
   Uses
      At line 122 in file RTE\Device\nRF52832_xxAA\arm_startup_nrf52.s
      At line 428 in file RTE\Device\nRF52832_xxAA\arm_startup_nrf52.s

MWU_IRQHandler 0000001A

Symbol: MWU_IRQHandler
   Definitions
      At line 460 in file RTE\Device\nRF52832_xxAA\arm_startup_nrf52.s
   Uses
      At line 117 in file RTE\Device\nRF52832_xxAA\arm_startup_nrf52.s
      At line 423 in file RTE\Device\nRF52832_xxAA\arm_startup_nrf52.s

MemoryManagement_Handler 0000000C

Symbol: MemoryManagement_Handler
   Definitions
      At line 359 in file RTE\Device\nRF52832_xxAA\arm_startup_nrf52.s
   Uses
      At line 71 in file RTE\Device\nRF52832_xxAA\arm_startup_nrf52.s
      At line 360 in file RTE\Device\nRF52832_xxAA\arm_startup_nrf52.s

NFCT_IRQHandler 0000001A

Symbol: NFCT_IRQHandler



ARM Macro Assembler    Page 3 Alphabetic symbol ordering
Relocatable symbols

   Definitions
      At line 435 in file RTE\Device\nRF52832_xxAA\arm_startup_nrf52.s
   Uses
      At line 90 in file RTE\Device\nRF52832_xxAA\arm_startup_nrf52.s
      At line 398 in file RTE\Device\nRF52832_xxAA\arm_startup_nrf52.s

NMI_Handler 00000008

Symbol: NMI_Handler
   Definitions
      At line 349 in file RTE\Device\nRF52832_xxAA\arm_startup_nrf52.s
   Uses
      At line 69 in file RTE\Device\nRF52832_xxAA\arm_startup_nrf52.s
      At line 350 in file RTE\Device\nRF52832_xxAA\arm_startup_nrf52.s

PDM_IRQHandler 0000001A

Symbol: PDM_IRQHandler
   Definitions
      At line 459 in file RTE\Device\nRF52832_xxAA\arm_startup_nrf52.s
   Uses
      At line 114 in file RTE\Device\nRF52832_xxAA\arm_startup_nrf52.s
      At line 422 in file RTE\Device\nRF52832_xxAA\arm_startup_nrf52.s

POWER_CLOCK_IRQHandler 0000001A

Symbol: POWER_CLOCK_IRQHandler
   Definitions
      At line 430 in file RTE\Device\nRF52832_xxAA\arm_startup_nrf52.s
   Uses
      At line 85 in file RTE\Device\nRF52832_xxAA\arm_startup_nrf52.s
      At line 393 in file RTE\Device\nRF52832_xxAA\arm_startup_nrf52.s

PWM0_IRQHandler 0000001A

Symbol: PWM0_IRQHandler
   Definitions
      At line 458 in file RTE\Device\nRF52832_xxAA\arm_startup_nrf52.s
   Uses
      At line 113 in file RTE\Device\nRF52832_xxAA\arm_startup_nrf52.s
      At line 421 in file RTE\Device\nRF52832_xxAA\arm_startup_nrf52.s

PWM1_IRQHandler 0000001A

Symbol: PWM1_IRQHandler
   Definitions
      At line 461 in file RTE\Device\nRF52832_xxAA\arm_startup_nrf52.s
   Uses
      At line 118 in file RTE\Device\nRF52832_xxAA\arm_startup_nrf52.s
      At line 424 in file RTE\Device\nRF52832_xxAA\arm_startup_nrf52.s

PWM2_IRQHandler 0000001A

Symbol: PWM2_IRQHandler
   Definitions
      At line 462 in file RTE\Device\nRF52832_xxAA\arm_startup_nrf52.s
   Uses
      At line 119 in file RTE\Device\nRF52832_xxAA\arm_startup_nrf52.s
      At line 425 in file RTE\Device\nRF52832_xxAA\arm_startup_nrf52.s



ARM Macro Assembler    Page 4 Alphabetic symbol ordering
Relocatable symbols


PendSV_Handler 00000016

Symbol: PendSV_Handler
   Definitions
      At line 382 in file RTE\Device\nRF52832_xxAA\arm_startup_nrf52.s
   Uses
      At line 81 in file RTE\Device\nRF52832_xxAA\arm_startup_nrf52.s
      At line 383 in file RTE\Device\nRF52832_xxAA\arm_startup_nrf52.s

QDEC_IRQHandler 0000001A

Symbol: QDEC_IRQHandler
   Definitions
      At line 448 in file RTE\Device\nRF52832_xxAA\arm_startup_nrf52.s
   Uses
      At line 103 in file RTE\Device\nRF52832_xxAA\arm_startup_nrf52.s
      At line 411 in file RTE\Device\nRF52832_xxAA\arm_startup_nrf52.s

RADIO_IRQHandler 0000001A

Symbol: RADIO_IRQHandler
   Definitions
      At line 431 in file RTE\Device\nRF52832_xxAA\arm_startup_nrf52.s
   Uses
      At line 86 in file RTE\Device\nRF52832_xxAA\arm_startup_nrf52.s
      At line 394 in file RTE\Device\nRF52832_xxAA\arm_startup_nrf52.s

RNG_IRQHandler 0000001A

Symbol: RNG_IRQHandler
   Definitions
      At line 443 in file RTE\Device\nRF52832_xxAA\arm_startup_nrf52.s
   Uses
      At line 98 in file RTE\Device\nRF52832_xxAA\arm_startup_nrf52.s
      At line 406 in file RTE\Device\nRF52832_xxAA\arm_startup_nrf52.s

RTC0_IRQHandler 0000001A

Symbol: RTC0_IRQHandler
   Definitions
      At line 441 in file RTE\Device\nRF52832_xxAA\arm_startup_nrf52.s
   Uses
      At line 96 in file RTE\Device\nRF52832_xxAA\arm_startup_nrf52.s
      At line 404 in file RTE\Device\nRF52832_xxAA\arm_startup_nrf52.s

RTC1_IRQHandler 0000001A

Symbol: RTC1_IRQHandler
   Definitions
      At line 447 in file RTE\Device\nRF52832_xxAA\arm_startup_nrf52.s
   Uses
      At line 102 in file RTE\Device\nRF52832_xxAA\arm_startup_nrf52.s
      At line 410 in file RTE\Device\nRF52832_xxAA\arm_startup_nrf52.s

RTC2_IRQHandler 0000001A

Symbol: RTC2_IRQHandler
   Definitions



ARM Macro Assembler    Page 5 Alphabetic symbol ordering
Relocatable symbols

      At line 464 in file RTE\Device\nRF52832_xxAA\arm_startup_nrf52.s
   Uses
      At line 121 in file RTE\Device\nRF52832_xxAA\arm_startup_nrf52.s
      At line 427 in file RTE\Device\nRF52832_xxAA\arm_startup_nrf52.s

Reset_Handler 00000000

Symbol: Reset_Handler
   Definitions
      At line 335 in file RTE\Device\nRF52832_xxAA\arm_startup_nrf52.s
   Uses
      At line 68 in file RTE\Device\nRF52832_xxAA\arm_startup_nrf52.s
      At line 336 in file RTE\Device\nRF52832_xxAA\arm_startup_nrf52.s

SAADC_IRQHandler 0000001A

Symbol: SAADC_IRQHandler
   Definitions
      At line 437 in file RTE\Device\nRF52832_xxAA\arm_startup_nrf52.s
   Uses
      At line 92 in file RTE\Device\nRF52832_xxAA\arm_startup_nrf52.s
      At line 400 in file RTE\Device\nRF52832_xxAA\arm_startup_nrf52.s

SPIM0_SPIS0_TWIM0_TWIS0_SPI0_TWI0_IRQHandler 0000001A

Symbol: SPIM0_SPIS0_TWIM0_TWIS0_SPI0_TWI0_IRQHandler
   Definitions
      At line 433 in file RTE\Device\nRF52832_xxAA\arm_startup_nrf52.s
   Uses
      At line 88 in file RTE\Device\nRF52832_xxAA\arm_startup_nrf52.s
      At line 396 in file RTE\Device\nRF52832_xxAA\arm_startup_nrf52.s

SPIM1_SPIS1_TWIM1_TWIS1_SPI1_TWI1_IRQHandler 0000001A

Symbol: SPIM1_SPIS1_TWIM1_TWIS1_SPI1_TWI1_IRQHandler
   Definitions
      At line 434 in file RTE\Device\nRF52832_xxAA\arm_startup_nrf52.s
   Uses
      At line 89 in file RTE\Device\nRF52832_xxAA\arm_startup_nrf52.s
      At line 397 in file RTE\Device\nRF52832_xxAA\arm_startup_nrf52.s

SPIM2_SPIS2_SPI2_IRQHandler 0000001A

Symbol: SPIM2_SPIS2_SPI2_IRQHandler
   Definitions
      At line 463 in file RTE\Device\nRF52832_xxAA\arm_startup_nrf52.s
   Uses
      At line 120 in file RTE\Device\nRF52832_xxAA\arm_startup_nrf52.s
      At line 426 in file RTE\Device\nRF52832_xxAA\arm_startup_nrf52.s

SVC_Handler 00000012

Symbol: SVC_Handler
   Definitions
      At line 373 in file RTE\Device\nRF52832_xxAA\arm_startup_nrf52.s
   Uses
      At line 78 in file RTE\Device\nRF52832_xxAA\arm_startup_nrf52.s
      At line 374 in file RTE\Device\nRF52832_xxAA\arm_startup_nrf52.s




ARM Macro Assembler    Page 6 Alphabetic symbol ordering
Relocatable symbols

SWI0_EGU0_IRQHandler 0000001A

Symbol: SWI0_EGU0_IRQHandler
   Definitions
      At line 450 in file RTE\Device\nRF52832_xxAA\arm_startup_nrf52.s
   Uses
      At line 105 in file RTE\Device\nRF52832_xxAA\arm_startup_nrf52.s
      At line 413 in file RTE\Device\nRF52832_xxAA\arm_startup_nrf52.s

SWI1_EGU1_IRQHandler 0000001A

Symbol: SWI1_EGU1_IRQHandler
   Definitions
      At line 451 in file RTE\Device\nRF52832_xxAA\arm_startup_nrf52.s
   Uses
      At line 106 in file RTE\Device\nRF52832_xxAA\arm_startup_nrf52.s
      At line 414 in file RTE\Device\nRF52832_xxAA\arm_startup_nrf52.s

SWI2_EGU2_IRQHandler 0000001A

Symbol: SWI2_EGU2_IRQHandler
   Definitions
      At line 452 in file RTE\Device\nRF52832_xxAA\arm_startup_nrf52.s
   Uses
      At line 107 in file RTE\Device\nRF52832_xxAA\arm_startup_nrf52.s
      At line 415 in file RTE\Device\nRF52832_xxAA\arm_startup_nrf52.s

SWI3_EGU3_IRQHandler 0000001A

Symbol: SWI3_EGU3_IRQHandler
   Definitions
      At line 453 in file RTE\Device\nRF52832_xxAA\arm_startup_nrf52.s
   Uses
      At line 108 in file RTE\Device\nRF52832_xxAA\arm_startup_nrf52.s
      At line 416 in file RTE\Device\nRF52832_xxAA\arm_startup_nrf52.s

SWI4_EGU4_IRQHandler 0000001A

Symbol: SWI4_EGU4_IRQHandler
   Definitions
      At line 454 in file RTE\Device\nRF52832_xxAA\arm_startup_nrf52.s
   Uses
      At line 109 in file RTE\Device\nRF52832_xxAA\arm_startup_nrf52.s
      At line 417 in file RTE\Device\nRF52832_xxAA\arm_startup_nrf52.s

SWI5_EGU5_IRQHandler 0000001A

Symbol: SWI5_EGU5_IRQHandler
   Definitions
      At line 455 in file RTE\Device\nRF52832_xxAA\arm_startup_nrf52.s
   Uses
      At line 110 in file RTE\Device\nRF52832_xxAA\arm_startup_nrf52.s
      At line 418 in file RTE\Device\nRF52832_xxAA\arm_startup_nrf52.s

SysTick_Handler 00000018

Symbol: SysTick_Handler
   Definitions
      At line 386 in file RTE\Device\nRF52832_xxAA\arm_startup_nrf52.s



ARM Macro Assembler    Page 7 Alphabetic symbol ordering
Relocatable symbols

   Uses
      At line 82 in file RTE\Device\nRF52832_xxAA\arm_startup_nrf52.s
      At line 387 in file RTE\Device\nRF52832_xxAA\arm_startup_nrf52.s

TEMP_IRQHandler 0000001A

Symbol: TEMP_IRQHandler
   Definitions
      At line 442 in file RTE\Device\nRF52832_xxAA\arm_startup_nrf52.s
   Uses
      At line 97 in file RTE\Device\nRF52832_xxAA\arm_startup_nrf52.s
      At line 405 in file RTE\Device\nRF52832_xxAA\arm_startup_nrf52.s

TIMER0_IRQHandler 0000001A

Symbol: TIMER0_IRQHandler
   Definitions
      At line 438 in file RTE\Device\nRF52832_xxAA\arm_startup_nrf52.s
   Uses
      At line 93 in file RTE\Device\nRF52832_xxAA\arm_startup_nrf52.s
      At line 401 in file RTE\Device\nRF52832_xxAA\arm_startup_nrf52.s

TIMER1_IRQHandler 0000001A

Symbol: TIMER1_IRQHandler
   Definitions
      At line 439 in file RTE\Device\nRF52832_xxAA\arm_startup_nrf52.s
   Uses
      At line 94 in file RTE\Device\nRF52832_xxAA\arm_startup_nrf52.s
      At line 402 in file RTE\Device\nRF52832_xxAA\arm_startup_nrf52.s

TIMER2_IRQHandler 0000001A

Symbol: TIMER2_IRQHandler
   Definitions
      At line 440 in file RTE\Device\nRF52832_xxAA\arm_startup_nrf52.s
   Uses
      At line 95 in file RTE\Device\nRF52832_xxAA\arm_startup_nrf52.s
      At line 403 in file RTE\Device\nRF52832_xxAA\arm_startup_nrf52.s

TIMER3_IRQHandler 0000001A

Symbol: TIMER3_IRQHandler
   Definitions
      At line 456 in file RTE\Device\nRF52832_xxAA\arm_startup_nrf52.s
   Uses
      At line 111 in file RTE\Device\nRF52832_xxAA\arm_startup_nrf52.s
      At line 419 in file RTE\Device\nRF52832_xxAA\arm_startup_nrf52.s

TIMER4_IRQHandler 0000001A

Symbol: TIMER4_IRQHandler
   Definitions
      At line 457 in file RTE\Device\nRF52832_xxAA\arm_startup_nrf52.s
   Uses
      At line 112 in file RTE\Device\nRF52832_xxAA\arm_startup_nrf52.s
      At line 420 in file RTE\Device\nRF52832_xxAA\arm_startup_nrf52.s

UARTE0_UART0_IRQHandler 0000001A



ARM Macro Assembler    Page 8 Alphabetic symbol ordering
Relocatable symbols


Symbol: UARTE0_UART0_IRQHandler
   Definitions
      At line 432 in file RTE\Device\nRF52832_xxAA\arm_startup_nrf52.s
   Uses
      At line 87 in file RTE\Device\nRF52832_xxAA\arm_startup_nrf52.s
      At line 395 in file RTE\Device\nRF52832_xxAA\arm_startup_nrf52.s

UsageFault_Handler 00000010

Symbol: UsageFault_Handler
   Definitions
      At line 369 in file RTE\Device\nRF52832_xxAA\arm_startup_nrf52.s
   Uses
      At line 73 in file RTE\Device\nRF52832_xxAA\arm_startup_nrf52.s
      At line 370 in file RTE\Device\nRF52832_xxAA\arm_startup_nrf52.s

WDT_IRQHandler 0000001A

Symbol: WDT_IRQHandler
   Definitions
      At line 446 in file RTE\Device\nRF52832_xxAA\arm_startup_nrf52.s
   Uses
      At line 101 in file RTE\Device\nRF52832_xxAA\arm_startup_nrf52.s
      At line 409 in file RTE\Device\nRF52832_xxAA\arm_startup_nrf52.s

49 symbols



ARM Macro Assembler    Page 1 Alphabetic symbol ordering
Absolute symbols

Heap_Size 00002000

Symbol: Heap_Size
   Definitions
      At line 49 in file RTE\Device\nRF52832_xxAA\arm_startup_nrf52.s
   Uses
      At line 54 in file RTE\Device\nRF52832_xxAA\arm_startup_nrf52.s
Comment: Heap_Size used once
Stack_Size 00002000

Symbol: Stack_Size
   Definitions
      At line 37 in file RTE\Device\nRF52832_xxAA\arm_startup_nrf52.s
   Uses
      At line 41 in file RTE\Device\nRF52832_xxAA\arm_startup_nrf52.s
Comment: Stack_Size used once
__Vectors_Size 00000400

Symbol: __Vectors_Size
   Definitions
      At line 328 in file RTE\Device\nRF52832_xxAA\arm_startup_nrf52.s
   Uses
      At line 65 in file RTE\Device\nRF52832_xxAA\arm_startup_nrf52.s
Comment: __Vectors_Size used once
3 symbols



ARM Macro Assembler    Page 1 Alphabetic symbol ordering
External symbols

SystemInit 00000000

Symbol: SystemInit
   Definitions
      At line 337 in file RTE\Device\nRF52832_xxAA\arm_startup_nrf52.s
   Uses
      At line 341 in file RTE\Device\nRF52832_xxAA\arm_startup_nrf52.s
Comment: SystemInit used once
__main 00000000

Symbol: __main
   Definitions
      At line 338 in file RTE\Device\nRF52832_xxAA\arm_startup_nrf52.s
   Uses
      At line 343 in file RTE\Device\nRF52832_xxAA\arm_startup_nrf52.s
Comment: __main used once
2 symbols
433 symbols in table
